[2024-05-30T11:26:12.839+0000] {local_task_job_runner.py:120} INFO - ::group::Pre task execution logs
[2024-05-30T11:26:12.861+0000] {taskinstance.py:2073} INFO - Dependencies all met for dep_context=non-requeueable deps ti=<TaskInstance: stored_procedures.insert_uuid manual__2024-05-30T11:26:08.851759+00:00 [queued]>
[2024-05-30T11:26:12.869+0000] {taskinstance.py:2073} INFO - Dependencies all met for dep_context=requeueable deps ti=<TaskInstance: stored_procedures.insert_uuid manual__2024-05-30T11:26:08.851759+00:00 [queued]>
[2024-05-30T11:26:12.871+0000] {taskinstance.py:2303} INFO - Starting attempt 1 of 2
[2024-05-30T11:26:12.884+0000] {taskinstance.py:2327} INFO - Executing <Task(PythonOperator): insert_uuid> on 2024-05-30 11:26:08.851759+00:00
[2024-05-30T11:26:12.890+0000] {warnings.py:110} WARNING - /home/***/.local/lib/python3.12/site-packages/***/task/task_runner/standard_task_runner.py:61: DeprecationWarning: This process (pid=75) is multi-threaded, use of fork() may lead to deadlocks in the child.
  pid = os.fork()

[2024-05-30T11:26:12.892+0000] {standard_task_runner.py:63} INFO - Started process 77 to run task
[2024-05-30T11:26:12.892+0000] {standard_task_runner.py:90} INFO - Running: ['***', 'tasks', 'run', 'stored_procedures', 'insert_uuid', 'manual__2024-05-30T11:26:08.851759+00:00', '--job-id', '221', '--raw', '--subdir', 'DAGS_FOLDER/dag_example.py', '--cfg-path', '/tmp/tmp5xir1ymv']
[2024-05-30T11:26:12.894+0000] {standard_task_runner.py:91} INFO - Job 221: Subtask insert_uuid
[2024-05-30T11:26:12.937+0000] {task_command.py:426} INFO - Running <TaskInstance: stored_procedures.insert_uuid manual__2024-05-30T11:26:08.851759+00:00 [running]> on host 29c09f03cc50
[2024-05-30T11:26:13.058+0000] {taskinstance.py:2644} INFO - Exporting env vars: AIRFLOW_CTX_DAG_OWNER='Yamin' AIRFLOW_CTX_DAG_ID='stored_procedures' AIRFLOW_CTX_TASK_ID='insert_uuid' AIRFLOW_CTX_EXECUTION_DATE='2024-05-30T11:26:08.851759+00:00' AIRFLOW_CTX_TRY_NUMBER='1' AIRFLOW_CTX_DAG_RUN_ID='manual__2024-05-30T11:26:08.851759+00:00'
[2024-05-30T11:26:13.060+0000] {taskinstance.py:430} INFO - ::endgroup::
[2024-05-30T11:26:13.076+0000] {logging_mixin.py:188} INFO - UUID inserted successfully!
[2024-05-30T11:26:13.076+0000] {python.py:237} INFO - Done. Returned value was: 3ea72276-66dc-4a80-aa8c-d77631b3b39a
[2024-05-30T11:26:13.077+0000] {taskinstance.py:441} INFO - ::group::Post task execution logs
[2024-05-30T11:26:13.084+0000] {xcom.py:677} ERROR - Object of type UUID is not JSON serializable. If you are using pickle instead of JSON for XCom, then you need to enable pickle support for XCom in your *** config or make sure to decorate your object with attr.
[2024-05-30T11:26:13.085+0000] {taskinstance.py:2890} ERROR - Task failed with exception
Traceback (most recent call last):
  File "/home/airflow/.local/lib/python3.12/site-packages/airflow/utils/json.py", line 91, in default
    return serialize(o)
           ^^^^^^^^^^^^
  File "/home/airflow/.local/lib/python3.12/site-packages/airflow/serialization/serde.py", line 189, in serialize
    raise TypeError(f"cannot serialize object of type {cls}")
TypeError: cannot serialize object of type <class 'uuid.UUID'>

During handling of the above exception, another exception occurred:

Traceback (most recent call last):
  File "/home/airflow/.local/lib/python3.12/site-packages/airflow/models/taskinstance.py", line 486, in _execute_task
    task_instance.xcom_push(key=XCOM_RETURN_KEY, value=xcom_value, session=session)
  File "/home/airflow/.local/lib/python3.12/site-packages/airflow/utils/session.py", line 76, in wrapper
    return func(*args, **kwargs)
           ^^^^^^^^^^^^^^^^^^^^^
  File "/home/airflow/.local/lib/python3.12/site-packages/airflow/models/taskinstance.py", line 3182, in xcom_push
    XCom.set(
  File "/home/airflow/.local/lib/python3.12/site-packages/airflow/utils/session.py", line 76, in wrapper
    return func(*args, **kwargs)
           ^^^^^^^^^^^^^^^^^^^^^
  File "/home/airflow/.local/lib/python3.12/site-packages/airflow/models/xcom.py", line 247, in set
    value = cls.serialize_value(
            ^^^^^^^^^^^^^^^^^^^^
  File "/home/airflow/.local/lib/python3.12/site-packages/airflow/models/xcom.py", line 675, in serialize_value
    return json.dumps(value, cls=XComEncoder).encode("UTF-8")
           ^^^^^^^^^^^^^^^^^^^^^^^^^^^^^^^^^^
  File "/usr/local/lib/python3.12/json/__init__.py", line 238, in dumps
    **kw).encode(obj)
          ^^^^^^^^^^^
  File "/home/airflow/.local/lib/python3.12/site-packages/airflow/utils/json.py", line 104, in encode
    return super().encode(o)
           ^^^^^^^^^^^^^^^^^
  File "/usr/local/lib/python3.12/json/encoder.py", line 200, in encode
    chunks = self.iterencode(o, _one_shot=True)
             ^^^^^^^^^^^^^^^^^^^^^^^^^^^^^^^^^^
  File "/usr/local/lib/python3.12/json/encoder.py", line 258, in iterencode
    return _iterencode(o, 0)
           ^^^^^^^^^^^^^^^^^
  File "/home/airflow/.local/lib/python3.12/site-packages/airflow/utils/json.py", line 93, in default
    return super().default(o)
           ^^^^^^^^^^^^^^^^^^
  File "/usr/local/lib/python3.12/json/encoder.py", line 180, in default
    raise TypeError(f'Object of type {o.__class__.__name__} '
TypeError: Object of type UUID is not JSON serializable
[2024-05-30T11:26:13.095+0000] {taskinstance.py:1205} INFO - Marking task as UP_FOR_RETRY. dag_id=stored_procedures, task_id=insert_uuid, execution_date=20240530T112608, start_date=20240530T112612, end_date=20240530T112613
[2024-05-30T11:26:13.107+0000] {standard_task_runner.py:110} ERROR - Failed to execute job 221 for task insert_uuid (Object of type UUID is not JSON serializable; 77)
[2024-05-30T11:26:13.147+0000] {local_task_job_runner.py:240} INFO - Task exited with return code 1
[2024-05-30T11:26:13.170+0000] {taskinstance.py:3482} INFO - 0 downstream tasks scheduled from follow-on schedule check
[2024-05-30T11:26:13.174+0000] {local_task_job_runner.py:222} INFO - ::endgroup::
